<?xml version="1.0" encoding="UTF-8"?>
<!-- Generated by org.testng.reporters.JUnitReportReporter -->
<testsuite skipped="0" hostname="DESKTOP-CNQ7RU4" name="com.prestashop.tests.TestAutomationPractice" tests="4" failures="0" timestamp="20 Jun 2018 21:53:51 GMT" time="37.389" errors="0">
  <testcase name="invalidEmail" time="8.697" classname="com.prestashop.tests.TestAutomationPractice"/>
  <testcase name="wrongCredentials" time="9.049" classname="com.prestashop.tests.TestAutomationPractice"/>
  <testcase name="blankPassword" time="10.517" classname="com.prestashop.tests.TestAutomationPractice"/>
  <testcase name="blankEmail" time="9.126" classname="com.prestashop.tests.TestAutomationPractice"/>
</testsuite> <!-- com.prestashop.tests.TestAutomationPractice -->
