<?xml version="1.0" encoding="UTF-8"?>
<!-- Generated by org.testng.reporters.JUnitReportReporter -->
<testsuite skipped="0" hostname="DESKTOP-CNQ7RU4" name="com.prestashop.tests.TestAutomationNegativeScenarious" tests="4" failures="0" timestamp="27 Jun 2018 05:16:24 GMT" time="45.014" errors="0">
  <testcase name="wrongCredentials" time="12.950" classname="com.prestashop.tests.TestAutomationNegativeScenarious"/>
  <testcase name="invalidEmail" time="11.114" classname="com.prestashop.tests.TestAutomationNegativeScenarious"/>
  <testcase name="blankEmail" time="10.614" classname="com.prestashop.tests.TestAutomationNegativeScenarious"/>
  <testcase name="blankPassword" time="10.336" classname="com.prestashop.tests.TestAutomationNegativeScenarious"/>
</testsuite> <!-- com.prestashop.tests.TestAutomationNegativeScenarious -->
